PhyNE: Estimating Maximum Pseudolikelihood Phylogenetic Network
╔═══╦╗─────╔═╗─╔╗
║╔═╗║║─────║║╚╗║║
║╚═╝║╚═╦╗─╔╣╔╗╚╝╠══╗
║╔══╣╔╗║║─║║║╚╗║║║═╣
║║──║║║║╚═╝║║─║║║║═╣
╚╝──╚╝╚╩═╗╔╩╝─╚═╩══╝
───────╔═╝║ 
───────╚══╝   
Analysis start: 2022-11-08 at 09:36:49
Input filename: n5h1_5k.txt
Number of sequences: 5 
Sequence length: 2500000
Starting Topology: (5,(4,(3,(2,1))));
Outgroup specified for rooting: 5
Number of maximum reticulation(s): 1
The maximum number of iterations for each optimization: 1000
Search algorithm selected: Hill-climbing
The maximum number of steps during search: 100000

Initiating 5 iterations...
(1/5) Searching for the best network using the hill-climbing algorithm...
Starting topology modified to (5,(4,(3,(2,1))));
(2/5) Searching for the best network using the hill-climbing algorithm...
Starting topology modified to (5,(4,(3,(2,1))));
(3/5) Searching for the best network using the hill-climbing algorithm...
Starting topology modified to (5,(4,(3,(2,1))));
(4/5) Searching for the best network using the hill-climbing algorithm...
Starting topology modified to (5,(4,(3,(2,1))));
(5/5) Searching for the best network using the hill-climbing algorithm...
Starting topology modified to (5,(4,(3,(2,1))));
