PhyNEST: Phylogenetic Network Estimation using SiTe patterns
Analysis start: 2022-11-07 at 21:27:22
Input filename: n5h1_5k.txt
Number of sequences: 5 
Sequence length: 2500000
Starting Topology: (5,(4,(3,(2,1))));
Outgroup specified for rooting: 5
Number of maximum reticulation(s): 1
The maximum number of iterations for each optimization: 1000
Search algorithm selected: Simulated Annealing
The maximum number of steps during search: 100000
Alpha: 0.8; Cons: 0.9

Initiating 5 iterations...
(1/5) Searching for the best network using the simulated annealing algorithm...
Starting topology modified to (5,(4,(3,(2,1))));
Running 25 runs of burn-in...Complete 
(Cooling schedule)U=299136.023507182
(Cooling schedule)beta=0.8999957157391261
Rank   Pseudolikelihood    Network
1	2.88360994739e6         (5:10.143244413452512,(4:5.128206352203117,((1:1.1962000978367888,(2)#H6:::0.4052526191450872):1.9174483823877784,(#H6:::0.5947473808549129,3:1.783298580712527):1.3303498995120402):2.0145578719785497):5.015038061249395);
2	2.88360994739e6         (5:10.143246111976964,(4:5.128207274589672,((3:1.7832993566222581,(2)#H6:::0.5947475713189532):1.3303497322531534,(#H6:::0.40525242868104683,1:1.1961994949262897):1.9174495939491218):2.01455818571426):5.0150388373872925);
3	2.88362151446e6         (5:10.694491971616939,(4:5.43212278921928,((3:2.485548434584157,(#H6:::0.32538307301269104,2:6.112907457836508e-13):2.4855484345835457):1.2278094075673045,(1)#H6:::0.674616926987309):1.7187649470678181):5.262369182397659);
4	2.88362151446e6         (5:10.694492301887275,(4:5.43212302522998,((3:2.485548536348796,(2:3.738582439844855e-12,(1)#H6:::0.32538305925513744):2.4855485363450573):1.2278094281091798,#H6:::0.6746169407448626):1.7187650607720037):5.262369276657295);
5	2.88362693623e6         (5:10.725629067294516,(4:5.4494219219870095,(#H6:::0.6715226076537066,(1:2.508818645237626,(2:6.922689088873185e-13,(3)#H6:::0.32847739234629336):2.508818645236934):1.2147065868268707):1.7258966899225126):5.276207145307507);
6	2.88362693623e6         (5:10.725629357953252,(4:5.449422058791485,((1:2.508818707391581,(#H6:::0.32847740524951685,2:2.954945769153218e-13):2.5088187073912858):1.2147066492672614,(3)#H6:::0.6715225947504831):1.7258967021326423):5.276207299161768);
7	2.8837567506e6         (5:12.935996175051075,(#H6:::0.21325293589105276,((1:3.1629776123192412,(2:1.933312084245944,(3)#H6:::0.7867470641089472):1.2296655280732973):3.365071192479882,4:6.528048804799123):1.170591428480983):5.237355941770969);
8	2.88378761042e6         (5:13.131954265122538,((3:3.2109280989424116,(2:1.8718749279421563,(1)#H6:::0.7233614942899573):1.3390531710002553):3.5626956885379393,(4:6.773623787480175,#H6:::0.27663850571004267):1.758593271006248e-13):6.358330477642187);
9	2.88380850997e6         (5:13.030209792938253,((1:3.198422341899994,(2:1.8541586155663632,(3)#H6:::0.7273145740149164):1.3442637263336308):3.5191039964160598,(#H6:::0.2726854259850836,4:6.717526338316051):2.6645352591003757e-15):6.312683454622199);
10	2.88380850997e6         (5:13.030209981281956,(#H6:::0.27268542338357454,(4:6.71752636287232,(1:3.198422435121352,(2:1.8541587632941887,(3)#H6:::0.7273145766164255):1.3442636718271634):3.519103927750968):0.0):6.312683618409636);
Speciation times for some newicks may not have updated if estimates are weird (e.g., NaN).
The search terminated at step 360 and at 50th consecutive failures and (Cooling schedule)ci=922.9788432411981.
Summary of each move:
Insertion of reticulation edge: 1 proposed, 1 accepted.
Tail move of reticulation edge: 99 proposed, 37 accepted. 
Head move of reticulation edge: 101 proposed, 11 accepted.
Change the direction of reticulation edge: 82 proposed, 19 accepted.
Deletion of reticulation edge: 0 proposed, 0 accepted.
Nearest-neighbor interchange (NNI): 77 proposed, 9 accepted.
On the current topology, 60 moves were made, including 10 unsuccessful moves.
Terminated because it reached the maximum number of failures (current nfail=50).
The best network found in this run: (5:10.143244413452512,(4:5.128206352203117,((1:1.1962000978367888,(2)#H6:::0.4052526191450872):1.9174483823877784,(#H6:::0.5947473808549129,3:1.783298580712527):1.3303498995120402):2.0145578719785497):5.015038061249395);
-Log Pseudolikelihood: 2.8836099473859877e6 

(2/5) Searching for the best network using the simulated annealing algorithm...
Starting topology modified to (5,(4,(3,(2,1))));
Running 25 runs of burn-in...Complete 
(Cooling schedule)U=149472.29851955827
(Cooling schedule)beta=0.8999957157391261
Rank   Pseudolikelihood    Network
1	2.88362151446e6         (5:10.694492224847044,(4:5.4321229499298065,(#H6:::0.6746169321732819,(3:2.485548511933977,(2:5.369269055495761e-13,(1)#H6:::0.3253830678267181):2.48554851193344):1.2278094330183218):1.7187650049775076):5.262369274917238);
2	2.88374270497e6         (5:13.054817530756239,(#H6:::0.2216720428264819,((3:3.180973783912831,(2:1.9476712905420839,(1)#H6:::0.7783279571735181):1.233302493370747):3.4203347793530905,4:6.601308563265921):1.0623201363439332):5.391188831146384);
3	2.88378761042e6         (5:13.131954817340132,(#H6:::0.2766385179620284,(4:6.773624196491688,(3:3.2109282651265394,(2:1.8718748255037594,(1)#H6:::0.7233614820379717):1.33905343962278):3.5626959313651483):1.2434497875801753e-14):6.358330620848432);
4	2.88378761042e6         (5:13.131954265122538,((3:3.2109280989424116,(2:1.8718749279421563,(1)#H6:::0.7233614942899573):1.3390531710002553):3.5626956885379393,(4:6.773623787480175,#H6:::0.27663850571004267):1.758593271006248e-13):6.358330477642187);
5	2.88753101943e6         (5:7.270569385601577,(4:3.5583689970651204,(#H6:::0.8312285024631405,(3:1.7445223373537277,(1:1.1265519722746166e-14,(2)#H6:::0.1687714975368595):1.7445223373537164):0.0):1.8138466597113927):3.712200388536457);
6	2.88767874232e6         (5:6.698254250018149,((#H6:::0.06358190275327517,4:3.2396098601640317):0.0,(3:1.4496007124643073,((1)#H6:::0.9364180972467249,2:1.1704998342567512):0.27910087820755614):1.7900091476997244):3.458644389854117);
7	2.88771389774e6         (5:6.673493829027551,((3:1.532557927860089,(2:1.280351528329939,(1:2.41944888885074e-12,#H6:::0.005681017620140669):1.2803515283275195):0.25220639953015):1.7126591086086016,(4)#H6:::0.9943189823798594):3.4282767925588606);
8	2.88771655126e6         (5:6.609647436981201,((3:1.510537892625465,(1:1.2623300985217458,(2:1.2405782323330423,#H6:::1.7115914742965175e-15):0.021751866188703506):0.24820779410371907):1.6868864650245472,(4)#H6:::0.9999999999999983):3.412223079331189);
9	2.88771655126e6         (5:6.609645590019644,((3:1.5105369647067646,(1:1.262329226488408,(2)#H6:::1.0):0.2482077382183565):1.6868863926703292,(4:2.741119902567017,#H6:::0.0):0.45630345481007684):3.4122222326425504);
10	2.88771655126e6         (5:6.6096461344159,(#H6:::2.202449283269031e-15,(4:3.1974236201127146,(3:1.5105371765678304,(1:1.2623293823448112,(2)#H6:::0.9999999999999978):0.2482077942230192):1.6868864435448843):0.34472432841090406):3.0674981858922816);
Speciation times for some newicks may not have updated if estimates are weird (e.g., NaN).
The search terminated at step 132 and at 50th consecutive failures and (Cooling schedule)ci=1266.720373088369.
Summary of each move:
Insertion of reticulation edge: 1 proposed, 1 accepted.
Tail move of reticulation edge: 30 proposed, 6 accepted. 
Head move of reticulation edge: 44 proposed, 5 accepted.
Change the direction of reticulation edge: 25 proposed, 3 accepted.
Deletion of reticulation edge: 0 proposed, 0 accepted.
Nearest-neighbor interchange (NNI): 32 proposed, 1 accepted.
On the current topology, 55 moves were made, including 5 unsuccessful moves.
Terminated because it reached the maximum number of failures (current nfail=50).
The best network found in this run: (5:10.694492224847044,(4:5.4321229499298065,(#H6:::0.6746169321732819,(3:2.485548511933977,(2:5.369269055495761e-13,(1)#H6:::0.3253830678267181):2.48554851193344):1.2278094330183218):1.7187650049775076):5.262369274917238);
-Log Pseudolikelihood: 2.8836215144633194e6 

(3/5) Searching for the best network using the simulated annealing algorithm...
Starting topology modified to (5,(4,(3,(2,1))));
Running 25 runs of burn-in...Complete 
(Cooling schedule)U=39547.931482456625
(Cooling schedule)beta=0.8999957157391261
Rank   Pseudolikelihood    Network
1	2.88362151446e6         (5:10.694492224847044,(4:5.4321229499298065,(#H6:::0.6746169321732819,(3:2.485548511933977,(2:5.369269055495761e-13,(1)#H6:::0.3253830678267181):2.48554851193344):1.2278094330183218):1.7187650049775076):5.262369274917238);
2	2.88362151446e6         (5:10.694492301887275,(4:5.43212302522998,((3:2.485548536348796,(2:3.738582439844855e-12,(1)#H6:::0.32538305925513744):2.4855485363450573):1.2278094281091798,#H6:::0.6746169407448626):1.7187650607720037):5.262369276657295);
3	2.88374270497e6         (5:13.054817530756239,(#H6:::0.2216720428264819,((3:3.180973783912831,(2:1.9476712905420839,(1)#H6:::0.7783279571735181):1.233302493370747):3.4203347793530905,4:6.601308563265921):1.0623201363439332):5.391188831146384);
4	2.88378761042e6         (5:13.131954817340132,(#H6:::0.2766385179620284,(4:6.773624196491688,(3:3.2109282651265394,(2:1.8718748255037594,(1)#H6:::0.7233614820379717):1.33905343962278):3.5626959313651483):1.2434497875801753e-14):6.358330620848432);
5	2.88378761042e6         (5:13.131954265122538,((3:3.2109280989424116,(2:1.8718749279421563,(1)#H6:::0.7233614942899573):1.3390531710002553):3.5626956885379393,(4:6.773623787480175,#H6:::0.27663850571004267):1.758593271006248e-13):6.358330477642187);
6	2.88753101943e6         (5:7.270569385601577,(4:3.5583689970651204,(#H6:::0.8312285024631405,(3:1.7445223373537277,(1:1.1265519722746166e-14,(2)#H6:::0.1687714975368595):1.7445223373537164):0.0):1.8138466597113927):3.712200388536457);
7	2.88753101943e6         (5:7.2705689241494476,(4:3.558368586345179,((3:1.7445220064381228,(1:7.40771369442645e-15,(2)#H6:::0.16877141897140646):1.7445220064381155):8.215650382226158e-15,#H6:::0.8312285810285935):1.8138465799070478):3.7122003378042687);
8	2.88771655126e6         (5:6.609645590019644,((3:1.5105369647067646,(1:1.262329226488408,(2)#H6:::1.0):0.2482077382183565):1.6868863926703292,(4:2.741119902567017,#H6:::0.0):0.45630345481007684):3.4122222326425504);
9	2.88771655126e6         (5:6.609645603464804,(4:3.197423358979323,(3:1.5105369636397021,(2:1.2623292236263,1:1.2623292236263):0.24820774001340218):1.6868863953396207):3.412222244485481);
The total length of best trees can be shorter than k.
Speciation times for some newicks may not have updated if estimates are weird (e.g., NaN).
The search terminated at step 81 and at 50th consecutive failures and (Cooling schedule)ci=541.7550296444762.
Summary of each move:
Insertion of reticulation edge: 2 proposed, 1 accepted.
Tail move of reticulation edge: 22 proposed, 5 accepted. 
Head move of reticulation edge: 26 proposed, 2 accepted.
Change the direction of reticulation edge: 8 proposed, 0 accepted.
Deletion of reticulation edge: 0 proposed, 0 accepted.
Nearest-neighbor interchange (NNI): 23 proposed, 0 accepted.
On the current topology, 56 moves were made, including 6 unsuccessful moves.
Terminated because it reached the maximum number of failures (current nfail=50).
The best network found in this run: (5:10.694492224847044,(4:5.4321229499298065,(#H6:::0.6746169321732819,(3:2.485548511933977,(2:5.369269055495761e-13,(1)#H6:::0.3253830678267181):2.48554851193344):1.2278094330183218):1.7187650049775076):5.262369274917238);
-Log Pseudolikelihood: 2.8836215144633194e6 

(4/5) Searching for the best network using the simulated annealing algorithm...
Starting topology modified to (5,(4,(3,(2,1))));
Running 25 runs of burn-in...Complete 
(Cooling schedule)U=119765.9654441448
(Cooling schedule)beta=0.8999957157391261
Rank   Pseudolikelihood    Network
1	2.88360994739e6         (5:10.143244413452512,(4:5.128206352203117,((1:1.1962000978367888,(2)#H6:::0.4052526191450872):1.9174483823877784,(#H6:::0.5947473808549129,3:1.783298580712527):1.3303498995120402):2.0145578719785497):5.015038061249395);
2	2.88362151446e6         (5:10.694492224847044,(4:5.4321229499298065,(#H6:::0.6746169321732819,(3:2.485548511933977,(2:5.369269055495761e-13,(1)#H6:::0.3253830678267181):2.48554851193344):1.2278094330183218):1.7187650049775076):5.262369274917238);
3	2.88362693623e6         (5:10.725629357953252,(4:5.449422058791485,((1:2.508818707391581,(#H6:::0.32847740524951685,2:2.954945769153218e-13):2.5088187073912858):1.2147066492672614,(3)#H6:::0.6715225947504831):1.7258967021326423):5.276207299161768);
4	2.88716405091e6         (5:7.2752744923402215,(4:3.5437778029807485,(((2:5.252549628610324e-14,(3)#H6:::0.22620591464476664):1.5013371859532256,1:1.5013371859532783):0.41098772041129306,#H6:::0.7737940853552334):1.6314528966161772):3.731496689359473);
5	2.88741236185e6         (5:7.343567969018753,(4:3.598055645127899,(((3:5.860227770427478e-13,(2)#H6:::0.17632415161695877):1.775039990090285,1:1.7750399900908709):4.440892098500626e-16,#H6:::0.8236758483830412):1.8230156550370278):3.7455123238908543);
6	2.88753101943e6         (5:7.270569385601577,(4:3.5583689970651204,(#H6:::0.8312285024631405,(3:1.7445223373537277,(1:1.1265519722746166e-14,(2)#H6:::0.1687714975368595):1.7445223373537164):0.0):1.8138466597113927):3.712200388536457);
7	2.88756884831e6         (5:6.7266073996766815,(((2:1.1736341298898454,(3)#H6:::0.9393702126238241):0.2956301014113629,1:1.4692642313012083):1.7859294566953885,(4:3.255193687996597,#H6:::0.06062978737617586):0.0):3.4714137116800847);
8	2.8876025569e6         (5:6.641314472767065,(((2:1.261897689557045,(3:0.5094442986667381,#H6:::2.382869402590343e-16):0.7524533908903069):0.2649159820541662,1:1.5268136716112113):1.6877231039226648,(4)#H6:::0.9999999999999998):3.426777697233189);
9	2.8876025569e6         (5:6.6413144359710845,(4:3.2145367459546925,((2:1.261897686161644,3:1.261897686161644):0.2649159677171289,1:1.5268136538787729):1.6877230920759196):3.426777690016392);
10	2.8876025569e6         (5:6.64131476190762,(((3:1.261897803697331,(2)#H6:::1.0):0.26491597602695727,1:1.5268137797242882):1.687723140155024,(4:0.7620797258822646,#H6:::0.0):2.4524571939970476):3.426777842028308);
Speciation times for some newicks may not have updated if estimates are weird (e.g., NaN).
The search terminated at step 98 and at 50th consecutive failures and (Cooling schedule)ci=1370.3264192721695.
Summary of each move:
Insertion of reticulation edge: 2 proposed, 1 accepted.
Tail move of reticulation edge: 25 proposed, 6 accepted. 
Head move of reticulation edge: 22 proposed, 2 accepted.
Change the direction of reticulation edge: 17 proposed, 5 accepted.
Deletion of reticulation edge: 0 proposed, 0 accepted.
Nearest-neighbor interchange (NNI): 32 proposed, 2 accepted.
On the current topology, 67 moves were made, including 17 unsuccessful moves.
Terminated because it reached the maximum number of failures (current nfail=50).
The best network found in this run: (5:10.143244413452512,(4:5.128206352203117,((1:1.1962000978367888,(2)#H6:::0.4052526191450872):1.9174483823877784,(#H6:::0.5947473808549129,3:1.783298580712527):1.3303498995120402):2.0145578719785497):5.015038061249395);
-Log Pseudolikelihood: 2.8836099473859877e6 

(5/5) Searching for the best network using the simulated annealing algorithm...
Starting topology modified to (5,(4,(3,(2,1))));
Running 25 runs of burn-in...Complete 
(Cooling schedule)U=299136.0235071769
(Cooling schedule)beta=0.8999957157391261
Rank   Pseudolikelihood    Network
1	2.88360994739e6         (5:10.143244413452512,(4:5.128206352203117,((1:1.1962000978367888,#H6:::0.4052526191450872):1.9174483823877784,((2)#H6:::0.5947473808549129,3:1.783298580712527):1.3303498995120402):2.0145578719785497):5.015038061249395);
2	2.88360994739e6         (5:10.143246111976964,(4:5.128207274589672,((3:1.7832993566222581,(2)#H6:::0.5947475713189532):1.3303497322531534,(#H6:::0.40525242868104683,1:1.1961994949262897):1.9174495939491218):2.01455818571426):5.0150388373872925);
3	2.88360994739e6         (5:10.14324431490029,(4:5.128206335075542,((1:1.196200976675423,#H6:::0.4052528171376217):1.917447471522404,((2)#H6:::0.5947471828623783,3:1.7832980949614705):1.3303503532363563):2.014557886877715):5.015037979824748);
4	2.88362151446e6         (5:10.694491971616939,(4:5.43212278921928,((3:2.485548434584157,(2:6.112907457836508e-13,#H6:::0.32538307301269104):2.4855484345835457):1.2278094075673045,(1)#H6:::0.674616926987309):1.7187649470678181):5.262369182397659);
5	2.88362693623e6         (5:10.725629067294516,(4:5.4494219219870095,(#H6:::0.6715226076537066,(1:2.508818645237626,(2:6.922689088873185e-13,(3)#H6:::0.32847739234629336):2.508818645236934):1.2147065868268707):1.7258966899225126):5.276207145307507);
6	2.88362693623e6         (5:10.725629357953252,(4:5.449422058791485,((1:2.508818707391581,(2:2.954945769153218e-13,(3)#H6:::0.32847740524951685):2.5088187073912858):1.2147066492672614,#H6:::0.6715225947504831):1.7258967021326423):5.276207299161768);
7	2.8837567506e6         (5:12.935996175051075,(#H6:::0.21325293589105276,((1:3.1629776123192412,(2:1.933312084245944,(3)#H6:::0.7867470641089472):1.2296655280732973):3.365071192479882,4:6.528048804799123):1.170591428480983):5.237355941770969);
8	2.88380850997e6         (5:13.030209792938253,((1:3.198422341899994,(2:1.8541586155663632,(3)#H6:::0.7273145740149164):1.3442637263336308):3.5191039964160598,(4:6.717526338316051,#H6:::0.2726854259850836):2.6645352591003757e-15):6.312683454622199);
9	2.88380850997e6         (5:13.030209981281956,(#H6:::0.27268542338357454,(4:6.71752636287232,(1:3.198422435121352,(2:1.8541587632941887,(3)#H6:::0.7273145766164255):1.3442636718271634):3.519103927750968):0.0):6.312683618409636);
10	2.88716405091e6         (5:7.275274846470996,(4:3.5437779635385507,(#H6:::0.7737941215114383,((2:2.154291438960834e-13,(3)#H6:::0.22620587848856166):1.5013372743040885,1:1.5013372743043039):0.41098760710831517):1.6314530821259317):3.7314968829324453);
Speciation times for some newicks may not have updated if estimates are weird (e.g., NaN).
The search terminated at step 286 and at 50th consecutive failures and (Cooling schedule)ci=1169.8765816157872.
Summary of each move:
Insertion of reticulation edge: 3 proposed, 1 accepted.
Tail move of reticulation edge: 71 proposed, 28 accepted. 
Head move of reticulation edge: 85 proposed, 9 accepted.
Change the direction of reticulation edge: 45 proposed, 11 accepted.
Deletion of reticulation edge: 0 proposed, 0 accepted.
Nearest-neighbor interchange (NNI): 82 proposed, 20 accepted.
On the current topology, 61 moves were made, including 11 unsuccessful moves.
Terminated because it reached the maximum number of failures (current nfail=50).
The best network found in this run: (5:10.143244413452512,(4:5.128206352203117,((1:1.1962000978367888,#H6:::0.4052526191450872):1.9174483823877784,((2)#H6:::0.5947473808549129,3:1.783298580712527):1.3303498995120402):2.0145578719785497):5.015038061249395);
-Log Pseudolikelihood: 2.8836099473859877e6 

Summary:
MPL network: 
(5:10.143244413452512,(4:5.128206352203117,((1:1.1962000978367888,#H6:::0.4052526191450872):1.9174483823877784,((2)#H6:::0.5947473808549129,3:1.783298580712527):1.3303498995120402):2.0145578719785497):5.015038061249395);
    Dendroscope: 
(5:10.143244413452512,(4:5.128206352203117,((1:1.1962000978367888,#H6):1.9174483823877784,((2)#H6,3:1.783298580712527):1.3303498995120402):2.0145578719785497):5.015038061249395);
    -Log Pseudolikelihood: 2.8836099473859877e6.
end
―――――――――――――――――――――――――――――――――――――――――――――――――――――――――――――――――――――――――――――
    MPL network: 
(5:10.143244413452512,(4:5.128206352203117,((1:1.1962000978367888,#H6:::0.4052526191450872):1.9174483823877784,((2)#H6:::0.5947473808549129,3:1.783298580712527):1.3303498995120402):2.0145578719785497):5.015038061249395);
    Analysis complete: 2022-11-07 at 21:34:12
    Time Taken: 410.632 second(s)
end

