PhyNE: Estimating Maximum Pseudolikelihood Phylogenetic Network
╔═══╦╗─────╔═╗─╔╗
║╔═╗║║─────║║╚╗║║
║╚═╝║╚═╦╗─╔╣╔╗╚╝╠══╗
║╔══╣╔╗║║─║║║╚╗║║║═╣
║║──║║║║╚═╝║║─║║║║═╣
╚╝──╚╝╚╩═╗╔╩╝─╚═╩══╝
───────╔═╝║ 
───────╚══╝   
Analysis start: 2022-11-02 at 17:18:20
Input filename: n5h1_5k.txt
Number of sequences: 5 
Sequence length: 2500000
Starting Topology: (5,(4,(3,(2,1))));
Outgroup specified for rooting: 5
Number of maximum reticulation(s): 1
The maximum number of iterations for each optimization: 1000
Search algorithm selected: Simulated Annealing
The maximum number of steps during search: 100000
Alpha: 0.8; Cons: 0.9

Initiating 5 iterations...
(1/5) Searching for the best network using the simulated annealing algorithm...
Starting topology modified to (5,(4,(3,(2,1))));
Running 25 runs of burn-in...Complete 
(Cooling schedule)U=145999.54545344086
(Cooling schedule)beta=0.8999957157391261
Rank   Pseudolikelihood    Network
1	2.88360994739e6         (5:10.143244413452512,(4:5.128206352203117,((1:1.1962000978367888,(2)#H6:::0.4052526191450872):1.9174483823877784,(3:1.783298580712527,#H6:::0.5947473808549129):1.3303498995120402):2.0145578719785497):5.015038061249395);
2	2.88360994739e6         (5:10.143246111976964,(4:5.128207274589672,((3:1.7832993566222581,#H6:::0.5947475713189532):1.3303497322531534,((2)#H6:::0.40525242868104683,1:1.1961994949262897):1.9174495939491218):2.01455818571426):5.0150388373872925);
3	2.88362151446e6         (5:10.694492224847044,(4:5.4321229499298065,(#H6:::0.6746169321732819,(3:2.485548511933977,(2:5.369269055495761e-13,(1)#H6:::0.3253830678267181):2.48554851193344):1.2278094330183218):1.7187650049775076):5.262369274917238);
4	2.88362693623e6         (5:10.725629357953252,(4:5.449422058791485,((1:2.508818707391581,(2:2.954945769153218e-13,#H6:::0.32847740524951685):2.5088187073912858):1.2147066492672614,(3)#H6:::0.6715225947504831):1.7258967021326423):5.276207299161768);
5	2.88378761042e6         (5:13.131954265122538,((3:3.2109280989424116,(2:1.8718749279421563,(1)#H6:::0.7233614942899573):1.3390531710002553):3.5626956885379393,(#H6:::0.27663850571004267,4:6.773623787480175):1.758593271006248e-13):6.358330477642187);
6	2.88710982946e6         (5:7.354654055967436,(4:3.5842420225401206,(((2)#H6:::0.1915739789129281,3:2.2077791895746246e-14):1.8606748088904213,(1:1.4061704095326544,#H6:::0.808426021087072):0.45450439935778886):1.7235672136496774):3.7704120334273155);
7	2.88727794677e6         (5:7.204821550108788,(4:3.505377460222656,(#H6:::0.7818773662722729,(3:1.4716199821007379,((1)#H6:::0.2181226337277271,2:6.636346795384389e-15):1.4716199821007312):0.4069980247340008):1.6267594533879175):3.6994440898861316);
8	2.88727794677e6         (5:7.204821241905333,(4:3.5053772809426187,(#H6:::0.781877361973944,((2:5.410504715366614e-15,(1)#H6:::0.21812263802605603):1.4716198272424255,3:1.4716198272424308):0.4069981245217553):1.6267593291784326):3.6994439609627143);
9	2.88727794677e6         (5:7.204821696426862,(4:3.5053775239475677,(#H6:::0.7818773767235914,((2:1.118604766077915e-14,(1)#H6:::0.21812262327640863):1.4716200348927828,3:1.471620034892794):0.40699799055579233):1.6267594984989815):3.699444172479294);
10	2.88741236185e6         (5:7.343567530044156,(4:3.598055379631754,(#H6:::0.8236758462771168,(((2)#H6:::0.17632415372288324,3:2.6915668341917056e-14):1.7750398401636136,1:1.7750398401636405):1.1102230246251565e-15):1.8230155394681125):3.7455121504124023);
Speciation times for some newicks may not have updated if estimates are weird (e.g., NaN).
The search terminated at step 363 and at 50th consecutive failures and (Cooling schedule)ci=446.75715523317433.
Summary of each move:
Insertion of reticulation edge: 1 proposed, 1 accepted.
Tail move of reticulation edge: 84 proposed, 49 accepted. 
Head move of reticulation edge: 103 proposed, 11 accepted.
Change the direction of reticulation edge: 90 proposed, 26 accepted.
Deletion of reticulation edge: 0 proposed, 0 accepted.
Nearest-neighbor interchange (NNI): 85 proposed, 44 accepted.
On the current topology, 61 moves were made, including 11 unsuccessful moves.
Terminated because it reached the maximum number of failures (current nfail=50).
The best network found in this run: (5:10.143244413452512,(4:5.128206352203117,((1:1.1962000978367888,(2)#H6:::0.4052526191450872):1.9174483823877784,(3:1.783298580712527,#H6:::0.5947473808549129):1.3303498995120402):2.0145578719785497):5.015038061249395);
-Log Pseudolikelihood: 2.8836099473859877e6 

(2/5) Searching for the best network using the simulated annealing algorithm...
Starting topology modified to (5,(4,(3,(2,1))));
Running 25 runs of burn-in...Complete 
(Cooling schedule)U=265133.84910055576
(Cooling schedule)beta=0.8999957157391261
Rank   Pseudolikelihood    Network
1	2.88360994739e6         (5:10.143246111976964,(4:5.128207274589672,((3:1.7832993566222581,(2)#H6:::0.5947475713189532):1.3303497322531534,(#H6:::0.40525242868104683,1:1.1961994949262897):1.9174495939491218):2.01455818571426):5.0150388373872925);
2	2.88362151446e6         (5:10.694492224847044,(4:5.4321229499298065,(#H6:::0.6746169321732819,(3:2.485548511933977,(2:5.369269055495761e-13,(1)#H6:::0.3253830678267181):2.48554851193344):1.2278094330183218):1.7187650049775076):5.262369274917238);
3	2.88362151446e6         (5:10.694491971616939,(4:5.43212278921928,((3:2.485548434584157,(#H6:::0.32538307301269104,2:6.112907457836508e-13):2.4855484345835457):1.2278094075673045,(1)#H6:::0.674616926987309):1.7187649470678181):5.262369182397659);
4	2.88362693623e6         (5:10.725629067294516,(4:5.4494219219870095,(#H6:::0.6715226076537066,(1:2.508818645237626,(2:6.922689088873185e-13,(3)#H6:::0.32847739234629336):2.508818645236934):1.2147065868268707):1.7258966899225126):5.276207145307507);
5	2.88374270497e6         (5:13.054817530756239,(#H6:::0.2216720428264819,((3:3.180973783912831,(2:1.9476712905420839,(1)#H6:::0.7783279571735181):1.233302493370747):3.4203347793530905,4:6.601308563265921):1.0623201363439332):5.391188831146384);
6	2.88378761042e6         (5:13.131954265122538,((3:3.2109280989424116,(2:1.8718749279421563,(1)#H6:::0.7233614942899573):1.3390531710002553):3.5626956885379393,(#H6:::0.27663850571004267,4:6.773623787480175):1.758593271006248e-13):6.358330477642187);
7	2.88380850997e6         (5:13.030209792938253,((1:3.198422341899994,(2:1.8541586155663632,(3)#H6:::0.7273145740149164):1.3442637263336308):3.5191039964160598,(#H6:::0.2726854259850836,4:6.717526338316051):2.6645352591003757e-15):6.312683454622199);
8	2.88380850997e6         (5:13.030209981281956,(#H6:::0.27268542338357454,(4:6.71752636287232,(1:3.198422435121352,(2:1.8541587632941887,(3)#H6:::0.7273145766164255):1.3442636718271634):3.519103927750968):0.0):6.312683618409636);
9	2.88716405091e6         (5:7.275273933018002,(4:3.5437775223796852,(#H6:::0.7737940905030611,((2:1.0280592771448817e-13,(3)#H6:::0.22620590949693886):1.501336983598971,1:1.5013369835990737):0.4109877298218345):1.631452808958777):3.7314964106383166);
10	2.88716405091e6         (5:7.275274846470996,(4:3.5437779635385507,(#H6:::0.7737941215114383,((2:2.154291438960834e-13,(3)#H6:::0.22620587848856166):1.5013372743040885,1:1.5013372743043039):0.41098760710831517):1.6314530821259317):3.7314968829324453);
Speciation times for some newicks may not have updated if estimates are weird (e.g., NaN).
The search terminated at step 318 and at 50th consecutive failures and (Cooling schedule)ci=934.8910675957814.
Summary of each move:
Insertion of reticulation edge: 1 proposed, 1 accepted.
Tail move of reticulation edge: 78 proposed, 34 accepted. 
Head move of reticulation edge: 87 proposed, 6 accepted.
Change the direction of reticulation edge: 55 proposed, 22 accepted.
Deletion of reticulation edge: 0 proposed, 0 accepted.
Nearest-neighbor interchange (NNI): 97 proposed, 21 accepted.
On the current topology, 61 moves were made, including 11 unsuccessful moves.
Terminated because it reached the maximum number of failures (current nfail=50).
The best network found in this run: (5:10.143246111976964,(4:5.128207274589672,((3:1.7832993566222581,(2)#H6:::0.5947475713189532):1.3303497322531534,(#H6:::0.40525242868104683,1:1.1961994949262897):1.9174495939491218):2.01455818571426):5.0150388373872925);
-Log Pseudolikelihood: 2.8836099473859896e6 

(3/5) Searching for the best network using the simulated annealing algorithm...
Starting topology modified to (5,(4,(3,(2,1))));
Running 25 runs of burn-in...