PhyNEST: Phylogenetic Network Estimation using SiTe patterns
Analysis start: 2023-08-28 at 17:29:13
Input sequence file: sample_n5h1.txt
Number of sequences: 5 
Sequence length: 1000000
Starting Topology: (5,(4,(3,(2,1))));
Outgroup specified for rooting: 5
Number of maximum reticulation(s): 0
The maximum number of iterations for each optimization: 1000
Search algorithm selected: Simulated annealing
The maximum number of steps during search: 250000
Output file store path: /Users/khaosan/Dropbox/PhyNEST.jl/example
The number of processors for this analysis: 1

(1/1) Searching for the best network using the simulated annealing algorithm, 2023-08-28 17:29:13.754
Running 25 burn ins...
Burn in complete. At most -log likelihood value can change 80636.91140678804 at a single step.
Showing 10 best topologies found in this run:
Rank   Composite Likelihood    Network
1	4.74844505806e6         (5:6.08464382936271,(4:2.903248871387692,((2:1.1164900075236928,3:1.1164900075236928):0.24378881437853406,1:1.3602788219022268):1.542970049485465):3.181394957975018);
2	4.74847887999e6         (5:6.080894007069075,(4:2.901187537402572,((2:1.1168388936358766,1:1.1168388936358766):0.2414501127878721,3:1.3582890064237487):1.5428985309788232):3.179706469666503);
3	4.74847887999e6         (5:6.080894029460262,(4:2.9011875495072474,(3:1.3582890140965198,(2:1.1168388994487088,1:1.1168388994487088):0.24145011464781096):1.5428985354107276):3.179706479953014);
4	4.75032926781e6         (5:5.953828871157831,(4:2.8317601277677533,(2:1.2365684554676761,(3:1.2365684554676761,1:1.2365684554676761):0.0):1.5951916723000772):3.1220687433900776);
5	4.80893925052e6         (5:4.071258472379065,(((1:0.637869486191962,2:0.637869486191962):0.6978480431894931,4:1.3357175293814552):0.0,3:1.3357175293814552):2.73554094299761);
6	4.83096617921e6         (5:3.771234302262533,(2:1.1168906782879113,((1:0.933186380032402,3:0.933186380032402):0.18370429825550938,4:1.1168906782879113):0.0):2.6543436239746216);
7	4.83096617921e6         (5:3.7712343082751376,((4:1.1168906792093136,2:1.1168906792093136):0.0,(1:0.9331863808042099,3:0.9331863808042099):0.18370429840510372):2.654343629065824);
8	4.83280771496e6         (5:3.8645969224199015,(((4:1.1252823871466862,3:1.1252823871466862):0.0,2:1.1252823871466862):0.0,1:1.1252823871466862):2.7393145352732153);
9	4.83280771496e6         (5:3.864596908079254,(2:1.125282381351724,(1:1.125282381351724,(4:1.125282381351724,3:1.125282381351724):0.0):0.0):2.7393145267275303);
10	4.83280771496e6         (5:3.864596887211748,((1:1.125282373063065,(4:1.125282373063065,2:1.125282373063065):0.0):0.0,3:1.125282373063065):2.739314514148683);
Speciation times for some newicks may not have updated if estimates are weird (e.g., NaN).
The search terminated at step 70 and at 22th consecutive failures and (Cooling schedule)ci=5599.801536174436.
Summary of each move:
Insertion of reticulation edge: 0 proposed, 0 accepted.
Tail move of reticulation edge: 0 proposed, 0 accepted. 
Head move of reticulation edge: 0 proposed, 0 accepted.
Change the direction of reticulation edge: 0 proposed, 0 accepted.
Deletion of reticulation edge: 0 proposed, 0 accepted.
Nearest-neighbor interchange (NNI): 69 proposed, 9 accepted.
On the current topology, 25 moves were made, including 3 unsuccessful moves.
Terminated although it neither reached the maximum number of steps or failures,
possibly because there was no more move to make.
(1/1) Estimated topology in this run: (5:6.08464382936271,(4:2.903248871387692,((2:1.1164900075236928,3:1.1164900075236928):0.24378881437853406,1:1.3602788219022268):1.542970049485465):3.181394957975018);
(1/1) Composite likelihood of the estimated topology in this run: 4.748445058064804e6

-----Summary of the networks found
Run   Composite Likelihood    Network
1	4.74844505806e6         (5:6.08464382936271,(4:2.903248871387692,((2:1.1164900075236928,3:1.1164900075236928):0.24378881437853406,1:1.3602788219022268):1.542970049485465):3.181394957975018);

-----end of analysis
Best topology: (5:6.08464382936271,(4:2.903248871387692,((2:1.1164900075236928,3:1.1164900075236928):0.24378881437853406,1:1.3602788219022268):1.542970049485465):3.181394957975018);)