PhyNEST: Phylogenetic Network Estimation using SiTe patterns
Analysis start: 2023-03-27 at 08:01:19
Input sequence file: example/scn2andgt20000.39.txt
Number of sequences: 7 
Sequence length: 2000000
Starting Topology: (7,6,5,4,3,2,1);
Outgroup specified for rooting: 7
Number of maximum reticulation(s): 2
The maximum number of iterations for each optimization: 1000
Search algorithm selected: Simulated annealing
The maximum number of steps during search: 100000

(1/10) Searching for the best network using the simulated annealing algorithm...(1/10) Estimated topology in this run: (7:10.229397648576848,(((1:1.5776472788800966,(2:0.0)#H8:1.5776472788800966::0.502206223232597):1.5419234170394351,(#H8:1.534673622061246::0.497793776767403,3:1.534673622061246):1.5848970738582857):2.0296617408938338,((4:1.86457146613018,(5:0.0)#H9:1.86457146613018::0.6344129353176808):1.2372335803797512,(6:1.0505213090481968,#H9:1.0505213090481968::0.36558706468231916):2.051283737461734):2.0474273903034343):5.080165211763482);
(1/10) Composite likelihood of the estimated topology in this run: 6.34370476352042e7

(2/10) Searching for the best network using the simulated annealing algorithm...(2/10) Estimated topology in this run: (7:2.9567440305871937,((1:0.20455630566100785,#H9:0.20455630566100785::0.09090909090909183):0.7491243181918819,(((2:0.7707349701365882)#H9:0.7705159916193723::0.9090909090909082,5:0.7705159916193723):0.00021897851721586203,(((4:0.7707349701365882)#H8:0.7703594143997284::1.0,3:0.7703594143997284):0.0003755557368597673,(#H8:0.42224468267153703::0.0,6:0.42224468267153703):0.3484902874650512):0.0):0.18294565371630145):2.003063406734304);
(2/10) Composite likelihood of the estimated topology in this run: 6.4904892600976825e7

(3/10) Searching for the best network using the simulated annealing algorithm...(3/10) Estimated topology in this run: (7:12.12411450008187,((#H9:6.185277573985297::0.26062312380276464,((1:2.8945153859894424,(#H8:1.6482065783231855e-12::0.1969330096892632,2:1.6482065783231855e-12):2.8945153859877943):1.3341453147159017,(3:2.8945153859894424)#H8:4.228660700705344::0.8030669903107368):1.9566168732799527):1.7763568394002505e-15,(4:2.8724081600944404,(5:1.6648140458590255,(6:6.185277573985297)#H9:1.6648140458590255::0.7393768761972354):1.207594114235415):3.312869413890858):5.938836926096571);
(3/10) Composite likelihood of the estimated topology in this run: 6.343803631774365e7

(4/10) Searching for the best network using the simulated annealing algorithm...(4/10) Estimated topology in this run: (7:10.492446892829868,(((#H8:1.3610639946481975::0.0,3:1.3610639946481975):1.8549948484722798,((2:3.2160588431204773)#H8:1.8098724610778973::1.0,1:1.8098724610778973):1.40618638204258):2.077237373780013,(#H9:3.5660816059767266::0.12689717445667026,(4:2.3893467717698176,(5:4.580710042966675e-12,(6:3.5660816059767266)#H9:4.580710042966675e-12::0.8731028255433297):2.389346771765237):1.176734834206909):1.7272146109237636):5.199150675929378);
(4/10) Composite likelihood of the estimated topology in this run: 6.343714674676055e7

(5/10) Searching for the best network using the simulated annealing algorithm...(5/10) Estimated topology in this run: (7:5.560018591282868,((#H8:2.307219606974886::0.0028037508816722845,((5:2.307219606974886,(1:0.7980980962628279,(#H9:0.35423632603477395::0.25961310388456305,2:0.35423632603477395):0.44386177022805395):1.509121510712058):0.0,(3:0.7980980962628279)#H9:2.307219606974886::0.740386896115437):0.0):0.0,(4:2.120158766448579e-14,(6:2.307219606974886)#H8:2.120158766448579e-14::0.9971962491183277):2.3072196069748645):3.2527989843079825);
(5/10) Composite likelihood of the estimated topology in this run: 6.426574548811236e7

(6/10) Searching for the best network using the simulated annealing algorithm...(6/10) Estimated topology in this run: (7:8.653582391017947,(((#H9:3.979332051417277::0.2239329654604069,(1:1.9029615016154025,((3:3.979332051417277)#H9:1.2785588401380328::0.7760670345395931,2:1.2785588401380328):0.6244026614773697):2.0763705498018745):0.30305504983346143,(6:1.8989244751514747,(#H8:1.0230776916956352::0.12004872386582555,5:1.0230776916956352):0.8758467834558394):2.3834626260992637):8.881784197001252e-16,(4:1.8989244751514747)#H8:4.282387101250739::0.8799512761341745):4.371195289767208);
(6/10) Composite likelihood of the estimated topology in this run: 6.347125591405637e7

(7/10) Searching for the best network using the simulated annealing algorithm...(7/10) Estimated topology in this run: (7:5.349602371173494,((6:0.4656108081397105,(5:2.248448219793323)#H8:0.4656108081397105::0.673630108968938):1.7828374116536123,(#H8:2.248448219793323::0.32636989103106195,(#H9:2.248448219793323::0.09090909090909094,(1:0.9214130033843522,(3:0.7195961694715535,(2:0.17719581055911046,(4:2.248448219793323)#H9:0.17719581055911046::0.9090909090909091):0.542400358912443):0.2018168339127987):1.3270352164089707):0.0):0.0):3.101154151380171);
(7/10) Composite likelihood of the estimated topology in this run: 6.4081728816616155e7

(8/10) Searching for the best network using the simulated annealing algorithm...(8/10) Terminated due to error

(9/10) Searching for the best network using the simulated annealing algorithm...(9/10) Terminated due to error

(10/10) Searching for the best network using the simulated annealing algorithm...(10/10) Terminated due to error
-----end of analysis
Best topology: (7:10.229397648576848,(((1:1.5776472788800966,(2:0.0)#H8:1.5776472788800966::0.502206223232597):1.5419234170394351,(#H8:1.534673622061246::0.497793776767403,3:1.534673622061246):1.5848970738582857):2.0296617408938338,((4:1.86457146613018,(5:0.0)#H9:1.86457146613018::0.6344129353176808):1.2372335803797512,(6:1.0505213090481968,#H9:1.0505213090481968::0.36558706468231916):2.051283737461734):2.0474273903034343):5.080165211763482);