PhyNE: Estimating Maximum Pseudolikelihood Phylogenetic Network
╔═══╦╗─────╔═╗─╔╗
║╔═╗║║─────║║╚╗║║
║╚═╝║╚═╦╗─╔╣╔╗╚╝╠══╗
║╔══╣╔╗║║─║║║╚╗║║║═╣
║║──║║║║╚═╝║║─║║║║═╣
╚╝──╚╝╚╩═╗╔╩╝─╚═╩══╝
───────╔═╝║ 
───────╚══╝   
Analysis start: 2022-11-02 at 14:06:45
Input filename: example/n5h1_5k.txt
Number of sequences: 5 
Sequence length: 2500000
Starting Topology: (5,(4,(3,(1,2))));
Outgroup specified for rooting: 1
Number of maximum reticulation(s): 1
The maximum number of iterations for each optimization: 1000
Search algorithm selected: Simulated Annealing
The maximum number of steps during search: 100000
Alpha: 0.8; Cons: 0.9

Initiating 5 iterations...
(1/5) Searching for the best network using the simulated annealing algorithm...
Starting topology modified to (5,(4,(3,(1,2))));
Running 25 runs of burn-in...(2/5) Searching for the best network using the simulated annealing algorithm...
Starting topology modified to (5,(4,(3,(1,2))));
Running 25 runs of burn-in...(3/5) Searching for the best network using the simulated annealing algorithm...
Starting topology modified to (5,(4,(3,(1,2))));
Running 25 runs of burn-in...(4/5) Searching for the best network using the simulated annealing algorithm...
Starting topology modified to (5,(4,(3,(1,2))));
Running 25 runs of burn-in...(5/5) Searching for the best network using the simulated annealing algorithm...
Starting topology modified to (5,(4,(3,(1,2))));
Running 25 runs of burn-in...